0 info it worked if it ends with ok
1 verbose cli [ '/usr/local/bin/node', '/usr/local/bin/npm', 'publish' ]
2 info using npm@3.10.10
3 info using node@v6.10.2
4 verbose publish [ '.' ]
5 silly cache add args [ '.', null ]
6 verbose cache add spec .
7 silly cache add parsed spec Result {
7 silly cache add   raw: '.',
7 silly cache add   scope: null,
7 silly cache add   escapedName: null,
7 silly cache add   name: null,
7 silly cache add   rawSpec: '.',
7 silly cache add   spec: '/Users/sgracey/Code/homebridge-HTTP-IRBlaster',
7 silly cache add   type: 'directory' }
8 verbose addLocalDirectory /Users/sgracey/.npm/homebridge-HTTP-IRBlaster/0.1.1/package.tgz not in flight; packing
9 verbose correctMkdir /Users/sgracey/.npm correctMkdir not in flight; initializing
10 info lifecycle homebridge-HTTP-IRBlaster@0.1.1~prepublish: homebridge-HTTP-IRBlaster@0.1.1
11 silly lifecycle homebridge-HTTP-IRBlaster@0.1.1~prepublish: no script for prepublish, continuing
12 verbose tar pack [ '/Users/sgracey/.npm/homebridge-HTTP-IRBlaster/0.1.1/package.tgz',
12 verbose tar pack   '/Users/sgracey/Code/homebridge-HTTP-IRBlaster' ]
13 verbose tarball /Users/sgracey/.npm/homebridge-HTTP-IRBlaster/0.1.1/package.tgz
14 verbose folder /Users/sgracey/Code/homebridge-HTTP-IRBlaster
15 verbose addLocalTarball adding from inside cache /Users/sgracey/.npm/homebridge-HTTP-IRBlaster/0.1.1/package.tgz
16 verbose correctMkdir /Users/sgracey/.npm correctMkdir not in flight; initializing
17 silly cache afterAdd homebridge-HTTP-IRBlaster@0.1.1
18 verbose afterAdd /Users/sgracey/.npm/homebridge-HTTP-IRBlaster/0.1.1/package/package.json not in flight; writing
19 verbose correctMkdir /Users/sgracey/.npm correctMkdir not in flight; initializing
20 verbose afterAdd /Users/sgracey/.npm/homebridge-HTTP-IRBlaster/0.1.1/package/package.json written
21 silly publish { name: 'homebridge-HTTP-IRBlaster',
21 silly publish   version: '0.1.1',
21 silly publish   description: 'Dummy switches for Homebridge: https://github.com/nfarina/homebridge',
21 silly publish   license: 'ISC',
21 silly publish   keywords: [ 'homebridge-plugin' ],
21 silly publish   repository:
21 silly publish    { type: 'git',
21 silly publish      url: 'git://github.com/NorthernMan54/homebridge-HTTP-IRBlaster.git' },
21 silly publish   bugs: { url: 'https://github.com/NorthernMan54/homebridge-HTTP-IRBlaster/issues' },
21 silly publish   engines: { node: '>=0.12.0', homebridge: '>=0.2.0' },
21 silly publish   dependencies: { request: '^2.65.0', debug: '^2.2.0' },
21 silly publish   readme: '# homebridge-HTTP-IRBlaster Plugin\n\nI wrote this plugin as a wrapper around mdhiggins ESP8266-HTTP-IR-Blaster to allow remote control of InfraRed controlled devices by HomeKit. To use this plugin, you need to build the ESP8266 based IR Blaster device documented by mdhiggins on the github for the blaster. Once you have it built, you can control it via HomeKit.\n\n# configuration\n\nThe configuration is very straight forward, you need just a Button name and the URL to control the blaster.  \n\nExample config.json:\n\n```\n{\n      "accessory": "http-irblaster",\n      "name": "Power",\n      "url": "http://ESP_869815/msg?repeat=2&rdelay=100&pdelay=1&address=16388&code=538BC81:PANASONIC:48"\n        } ,\n{\n      "accessory": "http-irblaster",\n      "name": "Preset 1",\n      "url": "http://ESP_869815/msg?repeat=2&rdelay=100&pdelay=1&address=16388&code=5380835:PANASONIC:48"\n        } ,\n{\n      "accessory": "http-irblaster",\n      "name": "Preset 2",\n      "url": "http://ESP_869815/msg?repeat=2&rdelay=100&pdelay=1&address=16388&code=53888B5:PANASONIC:48"\n        },\n{\n      "accessory": "http-irblaster",\n      "name": "Tuner",\n      "url": "http://ESP_869815/msg?repeat=2&rdelay=100&pdelay=1&address=16388&code=5202500:PANASONIC:48"\n        } ,\n{\n      "accessory": "http-irblaster",\n      "name": "Muting",\n      "url": "http://ESP_869815/msg?repeat=2&rdelay=100&pdelay=1&address=16388&code=5004C49:PANASONIC:48"\n        } ,\n{\n      "accessory": "http-irblaster",\n      "name": "Vol +",\n      "url": "http://ESP_869815/msg?repeat=2&rdelay=100&pdelay=1&address=16388&code=5000401:PANASONIC:48"\n        } ,\n{\n      "accessory": "http-irblaster",\n      "name": "Vol -",\n      "url": "http://ESP_869815/msg?repeat=2&rdelay=100&pdelay=1&address=16388&code=5008481:PANASONIC:48"\n        } ,\n{\n      "accessory": "http-irblaster",\n      "name": "Music Port",\n      "url": "http://ESP_869815/msg?repeat=2&rdelay=100&pdelay=1&address=16388&code=500595C:PANASONIC:48"\n        }\n```\n\nPlease note, this URL is an example from my configuration controlling my Panasonic SA-PM53 mini system.  These will not work for you, unless you have the same stereo.\n\n# Roadmap\n\n1. Support for stateful Switches\n2. Convert to a platform plugin, to simplify the configuration.\n\n# Credits\n\n* mdhiggins - Creating the ESP8266 based IR Blaster, sharing your plans and source.\n* nfarina - For creating the dummy plugin which I used as base for this plugin.\n',
21 silly publish   readmeFilename: 'README.md',
21 silly publish   gitHead: 'e3b6af8deb99db5fc288f8a5996e507758758d87',
21 silly publish   homepage: 'https://github.com/NorthernMan54/homebridge-HTTP-IRBlaster#readme',
21 silly publish   _id: 'homebridge-HTTP-IRBlaster@0.1.1',
21 silly publish   scripts: {},
21 silly publish   _shasum: 'debf6d4d41bc19730f54f19449c6ac8aab54e602',
21 silly publish   _from: '.' }
22 verbose getPublishConfig undefined
23 silly mapToRegistry name homebridge-HTTP-IRBlaster
24 silly mapToRegistry using default registry
25 silly mapToRegistry registry https://registry.npmjs.org/
26 silly mapToRegistry data Result {
26 silly mapToRegistry   raw: 'homebridge-HTTP-IRBlaster',
26 silly mapToRegistry   scope: null,
26 silly mapToRegistry   escapedName: 'homebridge-HTTP-IRBlaster',
26 silly mapToRegistry   name: 'homebridge-HTTP-IRBlaster',
26 silly mapToRegistry   rawSpec: '',
26 silly mapToRegistry   spec: 'latest',
26 silly mapToRegistry   type: 'tag' }
27 silly mapToRegistry uri https://registry.npmjs.org/homebridge-HTTP-IRBlaster
28 verbose publish registryBase https://registry.npmjs.org/
29 silly publish uploading /Users/sgracey/.npm/homebridge-HTTP-IRBlaster/0.1.1/package.tgz
30 verbose request uri https://registry.npmjs.org/homebridge-HTTP-IRBlaster
31 verbose request sending authorization for write operation
32 info attempt registry request try #1 at 7:23:25 PM
33 verbose request using bearer token for auth
34 verbose request id 02662b0ad2ad86aa
35 http request PUT https://registry.npmjs.org/homebridge-HTTP-IRBlaster
36 http 400 https://registry.npmjs.org/homebridge-HTTP-IRBlaster
37 verbose headers { 'content-type': 'application/json',
37 verbose headers   'cache-control': 'max-age=300',
37 verbose headers   'content-length': '69',
37 verbose headers   'accept-ranges': 'bytes',
37 verbose headers   date: 'Tue, 27 Jun 2017 23:23:27 GMT',
37 verbose headers   via: '1.1 varnish',
37 verbose headers   connection: 'keep-alive',
37 verbose headers   'x-served-by': 'cache-ord1722-ORD',
37 verbose headers   'x-cache': 'MISS',
37 verbose headers   'x-cache-hits': '0',
37 verbose headers   'x-timer': 'S1498605806.407601,VS0,VE966',
37 verbose headers   vary: 'Accept-Encoding' }
38 verbose request invalidating /Users/sgracey/.npm/registry.npmjs.org/homebridge-HTTP-IRBlaster on PUT
39 error publish Failed PUT 400
40 verbose stack Error: "homebridge-HTTP-IRBlaster" is invalid for new packages : homebridge-HTTP-IRBlaster
40 verbose stack     at makeError (/usr/local/lib/node_modules/npm/node_modules/npm-registry-client/lib/request.js:302:12)
40 verbose stack     at CachingRegistryClient.<anonymous> (/usr/local/lib/node_modules/npm/node_modules/npm-registry-client/lib/request.js:290:14)
40 verbose stack     at Request._callback (/usr/local/lib/node_modules/npm/node_modules/npm-registry-client/lib/request.js:210:14)
40 verbose stack     at Request.self.callback (/usr/local/lib/node_modules/npm/node_modules/request/request.js:187:22)
40 verbose stack     at emitTwo (events.js:106:13)
40 verbose stack     at Request.emit (events.js:191:7)
40 verbose stack     at Request.<anonymous> (/usr/local/lib/node_modules/npm/node_modules/request/request.js:1048:10)
40 verbose stack     at emitOne (events.js:96:13)
40 verbose stack     at Request.emit (events.js:188:7)
40 verbose stack     at IncomingMessage.<anonymous> (/usr/local/lib/node_modules/npm/node_modules/request/request.js:969:12)
41 verbose statusCode 400
42 verbose pkgid homebridge-HTTP-IRBlaster
43 verbose cwd /Users/sgracey/Code/homebridge-HTTP-IRBlaster
44 error Darwin 14.5.0
45 error argv "/usr/local/bin/node" "/usr/local/bin/npm" "publish"
46 error node v6.10.2
47 error npm  v3.10.10
48 error code E400
49 error "homebridge-HTTP-IRBlaster" is invalid for new packages : homebridge-HTTP-IRBlaster
50 error If you need help, you may report this error at:
50 error     <https://github.com/npm/npm/issues>
51 verbose exit [ 1, true ]
